[2025-07-10T15:23:35.953+0000] {taskinstance.py:1956} INFO - Dependencies all met for dep_context=non-requeueable deps ti=<TaskInstance: northwind.gerar_csv_validacao manual__2025-07-10T15:17:11.680336+00:00 [queued]>
[2025-07-10T15:23:35.961+0000] {taskinstance.py:1956} INFO - Dependencies all met for dep_context=requeueable deps ti=<TaskInstance: northwind.gerar_csv_validacao manual__2025-07-10T15:17:11.680336+00:00 [queued]>
[2025-07-10T15:23:35.961+0000] {taskinstance.py:2170} INFO - Starting attempt 2 of 2
[2025-07-10T15:23:35.975+0000] {taskinstance.py:2191} INFO - Executing <Task(PythonOperator): gerar_csv_validacao> on 2025-07-10 15:17:11.680336+00:00
[2025-07-10T15:23:35.983+0000] {standard_task_runner.py:60} INFO - Started process 190 to run task
[2025-07-10T15:23:35.988+0000] {standard_task_runner.py:87} INFO - Running: ['***', 'tasks', 'run', 'northwind', 'gerar_csv_validacao', 'manual__2025-07-10T15:17:11.680336+00:00', '--job-id', '115', '--raw', '--subdir', 'DAGS_FOLDER/northwind.py', '--cfg-path', '/tmp/tmpmpa55a8f']
[2025-07-10T15:23:35.990+0000] {standard_task_runner.py:88} INFO - Job 115: Subtask gerar_csv_validacao
[2025-07-10T15:23:36.044+0000] {task_command.py:423} INFO - Running <TaskInstance: northwind.gerar_csv_validacao manual__2025-07-10T15:17:11.680336+00:00 [running]> on host 8ddbac0a6dc1
[2025-07-10T15:23:36.129+0000] {taskinstance.py:2480} INFO - Exporting env vars: AIRFLOW_CTX_DAG_EMAIL='lrbf@cin.ufpe.br' AIRFLOW_CTX_DAG_OWNER='***' AIRFLOW_CTX_DAG_ID='northwind' AIRFLOW_CTX_TASK_ID='gerar_csv_validacao' AIRFLOW_CTX_EXECUTION_DATE='2025-07-10T15:17:11.680336+00:00' AIRFLOW_CTX_TRY_NUMBER='2' AIRFLOW_CTX_DAG_RUN_ID='manual__2025-07-10T15:17:11.680336+00:00'
[2025-07-10T15:23:36.133+0000] {base.py:83} INFO - Using connection ID '***_target_conn' for task execution.
[2025-07-10T15:23:36.182+0000] {logging_mixin.py:188} INFO - Erro ao gerar o CSV: [Errno 13] Permission denied: '/opt/output_data/validation_query_result.csv'
[2025-07-10T15:23:36.182+0000] {taskinstance.py:2698} ERROR - Task failed with exception
Traceback (most recent call last):
  File "/home/airflow/.local/lib/python3.10/site-packages/airflow/models/taskinstance.py", line 433, in _execute_task
    result = execute_callable(context=context, **execute_callable_kwargs)
  File "/home/airflow/.local/lib/python3.10/site-packages/airflow/operators/python.py", line 199, in execute
    return_value = self.execute_callable()
  File "/home/airflow/.local/lib/python3.10/site-packages/airflow/operators/python.py", line 216, in execute_callable
    return self.python_callable(*self.op_args, **self.op_kwargs)
  File "/opt/airflow/dags/northwind.py", line 60, in _export_query_to_csv
    with open(output_path, 'w', newline='') as csvfile:
PermissionError: [Errno 13] Permission denied: '/opt/output_data/validation_query_result.csv'
[2025-07-10T15:23:36.191+0000] {taskinstance.py:1138} INFO - Marking task as FAILED. dag_id=northwind, task_id=gerar_csv_validacao, execution_date=20250710T151711, start_date=20250710T152335, end_date=20250710T152336
[2025-07-10T15:23:36.213+0000] {logging_mixin.py:188} WARNING - /home/***/.local/lib/python3.10/site-packages/***/utils/email.py:154 RemovedInAirflow3Warning: Fetching SMTP credentials from configuration variables will be deprecated in a future release. Please set credentials using a connection instead.
[2025-07-10T15:23:36.213+0000] {configuration.py:1046} WARNING - section/key [smtp/smtp_user] not found in config
[2025-07-10T15:23:36.214+0000] {email.py:270} INFO - Email alerting: attempt 1
[2025-07-10T15:23:36.221+0000] {configuration.py:1046} WARNING - section/key [smtp/smtp_user] not found in config
[2025-07-10T15:23:36.221+0000] {email.py:270} INFO - Email alerting: attempt 1
[2025-07-10T15:23:36.223+0000] {taskinstance.py:826} ERROR - Failed to send email to: ['lrbf@cin.ufpe.br']
Traceback (most recent call last):
  File "/home/airflow/.local/lib/python3.10/site-packages/airflow/models/taskinstance.py", line 2334, in _run_raw_task
    self._execute_task_with_callbacks(context, test_mode, session=session)
  File "/home/airflow/.local/lib/python3.10/site-packages/airflow/models/taskinstance.py", line 2499, in _execute_task_with_callbacks
    result = self._execute_task(context, task_orig)
  File "/home/airflow/.local/lib/python3.10/site-packages/airflow/models/taskinstance.py", line 2516, in _execute_task
    return _execute_task(self, context, task_orig)
  File "/home/airflow/.local/lib/python3.10/site-packages/airflow/models/taskinstance.py", line 433, in _execute_task
    result = execute_callable(context=context, **execute_callable_kwargs)
  File "/home/airflow/.local/lib/python3.10/site-packages/airflow/operators/python.py", line 199, in execute
    return_value = self.execute_callable()
  File "/home/airflow/.local/lib/python3.10/site-packages/airflow/operators/python.py", line 216, in execute_callable
    return self.python_callable(*self.op_args, **self.op_kwargs)
  File "/opt/airflow/dags/northwind.py", line 60, in _export_query_to_csv
    with open(output_path, 'w', newline='') as csvfile:
PermissionError: [Errno 13] Permission denied: '/opt/output_data/validation_query_result.csv'

During handling of the above exception, another exception occurred:

Traceback (most recent call last):
  File "/home/airflow/.local/lib/python3.10/site-packages/airflow/models/taskinstance.py", line 1000, in _email_alert
    send_email(task.email, subject, html_content)
  File "/home/airflow/.local/lib/python3.10/site-packages/airflow/utils/email.py", line 80, in send_email
    return backend(
  File "/home/airflow/.local/lib/python3.10/site-packages/airflow/utils/email.py", line 154, in send_email_smtp
    send_mime_email(e_from=mail_from, e_to=recipients, mime_msg=msg, conn_id=conn_id, dryrun=dryrun)
  File "/home/airflow/.local/lib/python3.10/site-packages/airflow/utils/email.py", line 272, in send_mime_email
    smtp_conn = _get_smtp_connection(smtp_host, smtp_port, smtp_timeout, smtp_ssl)
  File "/home/airflow/.local/lib/python3.10/site-packages/airflow/utils/email.py", line 316, in _get_smtp_connection
    return smtplib.SMTP(host=host, port=port, timeout=timeout)
  File "/usr/local/lib/python3.10/smtplib.py", line 255, in __init__
    (code, msg) = self.connect(host, port)
  File "/usr/local/lib/python3.10/smtplib.py", line 341, in connect
    self.sock = self._get_socket(host, port, self.timeout)
  File "/usr/local/lib/python3.10/smtplib.py", line 312, in _get_socket
    return socket.create_connection((host, port), timeout,
  File "/usr/local/lib/python3.10/socket.py", line 845, in create_connection
    raise err
  File "/usr/local/lib/python3.10/socket.py", line 833, in create_connection
    sock.connect(sa)
ConnectionRefusedError: [Errno 111] Connection refused

During handling of the above exception, another exception occurred:

Traceback (most recent call last):
  File "/home/airflow/.local/lib/python3.10/site-packages/airflow/models/taskinstance.py", line 824, in _handle_failure
    task_instance.email_alert(error, failure_context["task"])
  File "/home/airflow/.local/lib/python3.10/site-packages/airflow/models/taskinstance.py", line 2946, in email_alert
    _email_alert(task_instance=self, exception=exception, task=task)
  File "/home/airflow/.local/lib/python3.10/site-packages/airflow/models/taskinstance.py", line 1002, in _email_alert
    send_email(task.email, subject, html_content_err)
  File "/home/airflow/.local/lib/python3.10/site-packages/airflow/utils/email.py", line 80, in send_email
    return backend(
  File "/home/airflow/.local/lib/python3.10/site-packages/airflow/utils/email.py", line 154, in send_email_smtp
    send_mime_email(e_from=mail_from, e_to=recipients, mime_msg=msg, conn_id=conn_id, dryrun=dryrun)
  File "/home/airflow/.local/lib/python3.10/site-packages/airflow/utils/email.py", line 272, in send_mime_email
    smtp_conn = _get_smtp_connection(smtp_host, smtp_port, smtp_timeout, smtp_ssl)
  File "/home/airflow/.local/lib/python3.10/site-packages/airflow/utils/email.py", line 316, in _get_smtp_connection
    return smtplib.SMTP(host=host, port=port, timeout=timeout)
  File "/usr/local/lib/python3.10/smtplib.py", line 255, in __init__
    (code, msg) = self.connect(host, port)
  File "/usr/local/lib/python3.10/smtplib.py", line 341, in connect
    self.sock = self._get_socket(host, port, self.timeout)
  File "/usr/local/lib/python3.10/smtplib.py", line 312, in _get_socket
    return socket.create_connection((host, port), timeout,
  File "/usr/local/lib/python3.10/socket.py", line 845, in create_connection
    raise err
  File "/usr/local/lib/python3.10/socket.py", line 833, in create_connection
    sock.connect(sa)
ConnectionRefusedError: [Errno 111] Connection refused
[2025-07-10T15:23:36.237+0000] {standard_task_runner.py:107} ERROR - Failed to execute job 115 for task gerar_csv_validacao ([Errno 13] Permission denied: '/opt/output_data/validation_query_result.csv'; 190)
[2025-07-10T15:23:36.250+0000] {local_task_job_runner.py:234} INFO - Task exited with return code 1
[2025-07-10T15:23:36.264+0000] {taskinstance.py:3280} INFO - 0 downstream tasks scheduled from follow-on schedule check
