[2025-06-30T21:58:14.401+0000] {taskinstance.py:1956} INFO - Dependencies all met for dep_context=non-requeueable deps ti=<TaskInstance: northwind.carregamento_postgres manual__2025-06-30T21:48:53.220969+00:00 [queued]>
[2025-06-30T21:58:14.435+0000] {taskinstance.py:1956} INFO - Dependencies all met for dep_context=requeueable deps ti=<TaskInstance: northwind.carregamento_postgres manual__2025-06-30T21:48:53.220969+00:00 [queued]>
[2025-06-30T21:58:14.435+0000] {taskinstance.py:2170} INFO - Starting attempt 2 of 2
[2025-06-30T21:58:14.495+0000] {taskinstance.py:2191} INFO - Executing <Task(DockerOperator): carregamento_postgres> on 2025-06-30 21:48:53.220969+00:00
[2025-06-30T21:58:14.529+0000] {standard_task_runner.py:60} INFO - Started process 236 to run task
[2025-07-01T00:12:17.649+0000] {standard_task_runner.py:87} INFO - Running: ['***', 'tasks', 'run', 'northwind', 'carregamento_postgres', 'manual__2025-06-30T21:48:53.220969+00:00', '--job-id', '20', '--raw', '--subdir', 'DAGS_FOLDER/dag.py', '--cfg-path', '/tmp/tmp60mq5san']
[2025-07-01T00:12:17.685+0000] {standard_task_runner.py:88} INFO - Job 20: Subtask carregamento_postgres
[2025-07-01T00:12:17.940+0000] {task_command.py:423} INFO - Running <TaskInstance: northwind.carregamento_postgres manual__2025-06-30T21:48:53.220969+00:00 [running]> on host b647631a2a81
[2025-07-01T00:12:19.120+0000] {taskinstance.py:2480} INFO - Exporting env vars: AIRFLOW_CTX_DAG_EMAIL='lrbf@cin.ufpe.br' AIRFLOW_CTX_DAG_OWNER='***' AIRFLOW_CTX_DAG_ID='northwind' AIRFLOW_CTX_TASK_ID='carregamento_postgres' AIRFLOW_CTX_EXECUTION_DATE='2025-06-30T21:48:53.220969+00:00' AIRFLOW_CTX_TRY_NUM***ER='2' AIRFLOW_CTX_DAG_RUN_ID='manual__2025-06-30T21:48:53.220969+00:00'
[2025-07-01T00:12:20.409+0000] {docker.py:359} INFO - Starting docker container from image meltano:latest
[2025-07-01T00:12:21.683+0000] {docker.py:429} INFO - Running meltano install...
[2025-07-01T00:12:25.147+0000] {docker.py:429} INFO - [2m2025-07-01T00:12:25.145886Z[0m [[32m[1minfo     [0m] [1mInstalling 7 plugins          [0m
[2025-07-01T00:12:25.160+0000] {docker.py:429} INFO - [2m2025-07-01T00:12:25.159634Z[0m [[32m[1minfo     [0m] [1mInstalling extractor 'tap-postgres'[0m
[2025-07-01T00:12:25.188+0000] {docker.py:429} INFO - [2m2025-07-01T00:12:25.187484Z[0m [[32m[1minfo     [0m] [1mInstalling extractor 'tap-csv'[0m
[2025-07-01T00:12:25.216+0000] {docker.py:429} INFO - [2m2025-07-01T00:12:25.215820Z[0m [[32m[1minfo     [0m] [1mInstalling extractor 'tap-csv-latest'[0m
[2025-07-01T00:12:25.247+0000] {docker.py:429} INFO - [2m2025-07-01T00:12:25.246669Z[0m [[32m[1minfo     [0m] [1mInstalling loader 'target-postgres'[0m
[2025-07-01T00:12:25.286+0000] {docker.py:429} INFO - [2m2025-07-01T00:12:25.285358Z[0m [[32m[1minfo     [0m] [1mInstalling loader 'target-csv'[0m
[2025-07-01T00:12:25.368+0000] {docker.py:429} INFO - [2m2025-07-01T00:12:25.367520Z[0m [[32m[1minfo     [0m] [1mInstalling loader 'target-csv-postgres'[0m
[2025-07-01T00:12:25.469+0000] {docker.py:429} INFO - [2m2025-07-01T00:12:25.467503Z[0m [[32m[1minfo     [0m] [1mInstalling loader 'target-csv-csv'[0m
[2025-07-01T12:17:26.400+0000] {docker.py:429} INFO - [2m2025-07-01T12:17:26.173896Z[0m [[32m[1minfo     [0m] [1mInstalled loader 'target-postgres'[0m
[2025-07-01T12:17:28.868+0000] {docker.py:429} INFO - [2m2025-07-01T12:17:28.863719Z[0m [[32m[1minfo     [0m] [1mInstalled extractor 'tap-postgres'[0m
[2025-07-01T12:17:30.767+0000] {docker.py:429} INFO - [2m2025-07-01T12:17:30.749137Z[0m [[32m[1minfo     [0m] [1mLogged pip install output to /opt/meltano/.meltano/logs/pip/loaders/target-csv-csv/pip.log[0m
[2025-07-01T12:17:30.797+0000] {docker.py:429} INFO - [2m2025-07-01T12:17:30.788140Z[0m [[31m[1merror    [0m] [1mLoader 'target-csv-csv' could not be installed: Failed to install plugin 'target-csv-csv'.[0m [36mdetails[0m=[35m"Collecting git+https://github.com/roboberto1403/target-csv-2\n  Cloning https://github.com/roboberto1403/target-csv-2 to /tmp/pip-req-build-4mgdxaid\n  Running command git clone --filter=blob:none --quiet https://github.com/roboberto1403/target-csv-2 /tmp/pip-req-build-4mgdxaid\n  fatal: unable to access 'https://github.com/roboberto1403/target-csv-2/': Could not resolve host: github.com\n  error: subprocess-exited-with-error\n  \n  Ã— git clone --filter=blob:none --quiet https://github.com/roboberto1403/target-csv-2 /tmp/pip-req-build-4mgdxaid did not run successfully.\n  â”‚ exit code: 128\n  â•°â”€> See above for output.\n  \n  note: This error originates from a subprocess, and is likely not a problem with pip.\nerror: subprocess-exited-with-error\n\nÃ— git clone --filter=blob:none --quiet https://github.com/roboberto1403/target-csv-2 /tmp/pip-req-build-4mgdxaid did not run successfully.\nâ”‚ exit code: 128\nâ•°â”€> See above for output.\n\nnote: This error originates from a subprocess, and is likely not a problem with pip.\n"[0m
[2025-07-01T12:17:30.926+0000] {docker.py:429} INFO - [2m2025-07-01T12:17:30.925499Z[0m [[32m[1minfo     [0m] [1mLogged pip install output to /opt/meltano/.meltano/logs/pip/extractors/tap-csv/pip.log[0m
[2025-07-01T12:17:30.927+0000] {docker.py:429} INFO - [2m2025-07-01T12:17:30.926840Z[0m [[31m[1merror    [0m] [1mExtractor 'tap-csv' could not be installed: Failed to install plugin 'tap-csv'.[0m [36mdetails[0m=[35m"Collecting git+https://github.com/MeltanoLabs/tap-csv.git\n  Cloning https://github.com/MeltanoLabs/tap-csv.git to /tmp/pip-req-build-j977yfdc\n  Running command git clone --filter=blob:none --quiet https://github.com/MeltanoLabs/tap-csv.git /tmp/pip-req-build-j977yfdc\n  fatal: unable to access 'https://github.com/MeltanoLabs/tap-csv.git/': Could not resolve host: github.com\n  error: subprocess-exited-with-error\n  \n  Ã— git clone --filter=blob:none --quiet https://github.com/MeltanoLabs/tap-csv.git /tmp/pip-req-build-j977yfdc did not run successfully.\n  â”‚ exit code: 128\n  â•°â”€> See above for output.\n  \n  note: This error originates from a subprocess, and is likely not a problem with pip.\nerror: subprocess-exited-with-error\n\nÃ— git clone --filter=blob:none --quiet https://github.com/MeltanoLabs/tap-csv.git /tmp/pip-req-build-j977yfdc did not run successfully.\nâ”‚ exit code: 128\nâ•°â”€> See above for output.\n\nnote: This error originates from a subprocess, and is likely not a problem with pip.\n"[0m
[2025-07-01T12:17:30.967+0000] {docker.py:429} INFO - [2m2025-07-01T12:17:30.966834Z[0m [[32m[1minfo     [0m] [1mLogged pip install output to /opt/meltano/.meltano/logs/pip/extractors/tap-csv-latest/pip.log[0m
[2025-07-01T12:17:30.974+0000] {docker.py:429} INFO - [2m2025-07-01T12:17:30.969461Z[0m [[31m[1merror    [0m] [1mExtractor 'tap-csv-latest' could not be installed: Failed to install plugin 'tap-csv-latest'.[0m [36mdetails[0m=[35m"Collecting git+https://github.com/MeltanoLabs/tap-csv.git\n  Cloning https://github.com/MeltanoLabs/tap-csv.git to /tmp/pip-req-build-gpo7hol6\n  Running command git clone --filter=blob:none --quiet https://github.com/MeltanoLabs/tap-csv.git /tmp/pip-req-build-gpo7hol6\n  fatal: unable to access 'https://github.com/MeltanoLabs/tap-csv.git/': Could not resolve host: github.com\n  error: subprocess-exited-with-error\n  \n  Ã— git clone --filter=blob:none --quiet https://github.com/MeltanoLabs/tap-csv.git /tmp/pip-req-build-gpo7hol6 did not run successfully.\n  â”‚ exit code: 128\n  â•°â”€> See above for output.\n  \n  note: This error originates from a subprocess, and is likely not a problem with pip.\nerror: subprocess-exited-with-error\n\nÃ— git clone --filter=blob:none --quiet https://github.com/MeltanoLabs/tap-csv.git /tmp/pip-req-build-gpo7hol6 did not run successfully.\nâ”‚ exit code: 128\nâ•°â”€> See above for output.\n\nnote: This error originates from a subprocess, and is likely not a problem with pip.\n"[0m
[2025-07-01T12:17:31.043+0000] {docker.py:429} INFO - [2m2025-07-01T12:17:31.042226Z[0m [[32m[1minfo     [0m] [1mLogged pip install output to /opt/meltano/.meltano/logs/pip/loaders/target-csv-postgres/pip.log[0m
[2025-07-01T12:17:31.045+0000] {docker.py:429} INFO - [2m2025-07-01T12:17:31.043883Z[0m [[31m[1merror    [0m] [1mLoader 'target-csv-postgres' could not be installed: Failed to install plugin 'target-csv-postgres'.[0m [36mdetails[0m=[35m"Collecting git+https://github.com/roboberto1403/target-csv-1\n  Cloning https://github.com/roboberto1403/target-csv-1 to /tmp/pip-req-build-s58ums4o\n  Running command git clone --filter=blob:none --quiet https://github.com/roboberto1403/target-csv-1 /tmp/pip-req-build-s58ums4o\n  fatal: unable to access 'https://github.com/roboberto1403/target-csv-1/': Could not resolve host: github.com\n  error: subprocess-exited-with-error\n  \n  Ã— git clone --filter=blob:none --quiet https://github.com/roboberto1403/target-csv-1 /tmp/pip-req-build-s58ums4o did not run successfully.\n  â”‚ exit code: 128\n  â•°â”€> See above for output.\n  \n  note: This error originates from a subprocess, and is likely not a problem with pip.\nerror: subprocess-exited-with-error\n\nÃ— git clone --filter=blob:none --quiet https://github.com/roboberto1403/target-csv-1 /tmp/pip-req-build-s58ums4o did not run successfully.\nâ”‚ exit code: 128\nâ•°â”€> See above for output.\n\nnote: This error originates from a subprocess, and is likely not a problem with pip.\n"[0m
[2025-07-01T12:17:33.489+0000] {docker.py:429} INFO - [2m2025-07-01T12:17:33.419759Z[0m [[32m[1minfo     [0m] [1mLogged pip install output to /opt/meltano/.meltano/logs/pip/loaders/target-csv/pip.log[0m
[2m2025-07-01T12:17:33.420750Z[0m [[31m[1merror    [0m] [1mLoader 'target-csv' could not be installed: Failed to install plugin 'target-csv'.[0m [36mdetails[0m=[35m"Collecting git+https://github.com/singer-io/target-csv.git\n  Cloning https://github.com/singer-io/target-csv.git to /tmp/pip-req-build-gjizjm08\n  Running command git clone --filter=blob:none --quiet https://github.com/singer-io/target-csv.git /tmp/pip-req-build-gjizjm08\n  fatal: unable to access 'https://github.com/singer-io/target-csv.git/': Could not resolve host: github.com\n  error: subprocess-exited-with-error\n  \n  Ã— git clone --filter=blob:none --quiet https://github.com/singer-io/target-csv.git /tmp/pip-req-build-gjizjm08 did not run successfully.\n  â”‚ exit code: 128\n  â•°â”€> See above for output.\n  \n  note: This error originates from a subprocess, and is likely not a problem with pip.\nerror: subprocess-exited-with-error\n\nÃ— git clone --filter=blob:none --quiet https://github.com/singer-io/target-csv.git /tmp/pip-req-build-gjizjm08 did not run successfully.\nâ”‚ exit code: 128\nâ•°â”€> See above for output.\n\nnote: This error originates from a subprocess, and is likely not a problem with pip.\n"[0m
[2025-07-01T12:17:33.501+0000] {docker.py:429} INFO - [2m2025-07-01T12:17:33.466948Z[0m [[33m[1mwarning  [0m] [1mInstalled 2/7 plugins         [0m
[2025-07-01T12:17:33.883+0000] {docker.py:429} INFO - Need help fixing this problem? Visit http://melta.no/ for troubleshooting steps, or to
join our friendly Slack community.

Failed to install plugin(s)
[2025-07-01T12:17:42.589+0000] {docker.py:429} INFO - [2m2025-07-01T12:17:42.588421Z[0m [[33m[1mwarning  [0m] [1mRetrying (Retry(total=2, connect=None, read=None, redirect=None, status=0)) after connection broken by 'NewConnectionError('<urllib3.connection.HTTPSConnection object at 0x71c8a4303a90>: Failed to establish a new connection: [Errno -3] Temporary failure in name resolution')': /com.snowplowanalytics.snowplow/tp2[0m
[2025-07-01T12:17:50.593+0000] {docker.py:429} INFO - [2m2025-07-01T12:17:50.592461Z[0m [[33m[1mwarning  [0m] [1mRetrying (Retry(total=1, connect=None, read=None, redirect=None, status=0)) after connection broken by 'NewConnectionError('<urllib3.connection.HTTPSConnection object at 0x71c8a4303ee0>: Failed to establish a new connection: [Errno -3] Temporary failure in name resolution')': /com.snowplowanalytics.snowplow/tp2[0m
[2025-07-01T12:18:00.583+0000] {docker.py:429} INFO - Meltano install failed. Check logs above.
[2025-07-01T12:18:01.483+0000] {taskinstance.py:2698} ERROR - Task failed with exception
Traceback (most recent call last):
  File "/home/airflow/.local/lib/python3.10/site-packages/airflow/models/taskinstance.py", line 433, in _execute_task
    result = execute_callable(context=context, **execute_callable_kwargs)
  File "/home/airflow/.local/lib/python3.10/site-packages/airflow/providers/docker/operators/docker.py", line 502, in execute
    return self._run_image()
  File "/home/airflow/.local/lib/python3.10/site-packages/airflow/providers/docker/operators/docker.py", line 376, in _run_image
    return self._run_image_with_mounts(self.mounts, add_tmp_variable=False)
  File "/home/airflow/.local/lib/python3.10/site-packages/airflow/providers/docker/operators/docker.py", line 437, in _run_image_with_mounts
    raise DockerContainerFailedException(f"Docker container failed: {result!r}", logs=log_lines)
airflow.providers.docker.exceptions.DockerContainerFailedException: Docker container failed: {'StatusCode': 1}
[2025-07-01T12:18:01.517+0000] {taskinstance.py:1138} INFO - Marking task as FAILED. dag_id=northwind, task_id=carregamento_postgres, execution_date=20250630T214853, start_date=20250630T215814, end_date=20250701T121801
[2025-07-01T12:18:01.725+0000] {logging_mixin.py:188} WARNING - /home/***/.local/lib/python3.10/site-packages/***/utils/email.py:154 RemovedInAirflow3Warning: Fetching SMTP credentials from configuration variables will be deprecated in a future release. Please set credentials using a connection instead.
[2025-07-01T12:18:01.728+0000] {configuration.py:1046} WARNING - section/key [smtp/smtp_user] not found in config
[2025-07-01T12:18:01.729+0000] {email.py:270} INFO - Email alerting: attempt 1
[2025-07-01T12:18:01.744+0000] {configuration.py:1046} WARNING - section/key [smtp/smtp_user] not found in config
[2025-07-01T12:18:01.744+0000] {email.py:270} INFO - Email alerting: attempt 1
[2025-07-01T12:18:01.745+0000] {taskinstance.py:826} ERROR - Failed to send email to: ['lrbf@cin.ufpe.br']
Traceback (most recent call last):
  File "/home/airflow/.local/lib/python3.10/site-packages/airflow/models/taskinstance.py", line 2334, in _run_raw_task
    self._execute_task_with_callbacks(context, test_mode, session=session)
  File "/home/airflow/.local/lib/python3.10/site-packages/airflow/models/taskinstance.py", line 2499, in _execute_task_with_callbacks
    result = self._execute_task(context, task_orig)
  File "/home/airflow/.local/lib/python3.10/site-packages/airflow/models/taskinstance.py", line 2516, in _execute_task
    return _execute_task(self, context, task_orig)
  File "/home/airflow/.local/lib/python3.10/site-packages/airflow/models/taskinstance.py", line 433, in _execute_task
    result = execute_callable(context=context, **execute_callable_kwargs)
  File "/home/airflow/.local/lib/python3.10/site-packages/airflow/providers/docker/operators/docker.py", line 502, in execute
    return self._run_image()
  File "/home/airflow/.local/lib/python3.10/site-packages/airflow/providers/docker/operators/docker.py", line 376, in _run_image
    return self._run_image_with_mounts(self.mounts, add_tmp_variable=False)
  File "/home/airflow/.local/lib/python3.10/site-packages/airflow/providers/docker/operators/docker.py", line 437, in _run_image_with_mounts
    raise DockerContainerFailedException(f"Docker container failed: {result!r}", logs=log_lines)
airflow.providers.docker.exceptions.DockerContainerFailedException: Docker container failed: {'StatusCode': 1}

During handling of the above exception, another exception occurred:

Traceback (most recent call last):
  File "/home/airflow/.local/lib/python3.10/site-packages/airflow/models/taskinstance.py", line 1000, in _email_alert
    send_email(task.email, subject, html_content)
  File "/home/airflow/.local/lib/python3.10/site-packages/airflow/utils/email.py", line 80, in send_email
    return backend(
  File "/home/airflow/.local/lib/python3.10/site-packages/airflow/utils/email.py", line 154, in send_email_smtp
    send_mime_email(e_from=mail_from, e_to=recipients, mime_msg=msg, conn_id=conn_id, dryrun=dryrun)
  File "/home/airflow/.local/lib/python3.10/site-packages/airflow/utils/email.py", line 272, in send_mime_email
    smtp_conn = _get_smtp_connection(smtp_host, smtp_port, smtp_timeout, smtp_ssl)
  File "/home/airflow/.local/lib/python3.10/site-packages/airflow/utils/email.py", line 316, in _get_smtp_connection
    return smtplib.SMTP(host=host, port=port, timeout=timeout)
  File "/usr/local/lib/python3.10/smtplib.py", line 255, in __init__
    (code, msg) = self.connect(host, port)
  File "/usr/local/lib/python3.10/smtplib.py", line 341, in connect
    self.sock = self._get_socket(host, port, self.timeout)
  File "/usr/local/lib/python3.10/smtplib.py", line 312, in _get_socket
    return socket.create_connection((host, port), timeout,
  File "/usr/local/lib/python3.10/socket.py", line 845, in create_connection
    raise err
  File "/usr/local/lib/python3.10/socket.py", line 833, in create_connection
    sock.connect(sa)
ConnectionRefusedError: [Errno 111] Connection refused

During handling of the above exception, another exception occurred:

Traceback (most recent call last):
  File "/home/airflow/.local/lib/python3.10/site-packages/airflow/models/taskinstance.py", line 824, in _handle_failure
    task_instance.email_alert(error, failure_context["task"])
  File "/home/airflow/.local/lib/python3.10/site-packages/airflow/models/taskinstance.py", line 2946, in email_alert
    _email_alert(task_instance=self, exception=exception, task=task)
  File "/home/airflow/.local/lib/python3.10/site-packages/airflow/models/taskinstance.py", line 1002, in _email_alert
    send_email(task.email, subject, html_content_err)
  File "/home/airflow/.local/lib/python3.10/site-packages/airflow/utils/email.py", line 80, in send_email
    return backend(
  File "/home/airflow/.local/lib/python3.10/site-packages/airflow/utils/email.py", line 154, in send_email_smtp
    send_mime_email(e_from=mail_from, e_to=recipients, mime_msg=msg, conn_id=conn_id, dryrun=dryrun)
  File "/home/airflow/.local/lib/python3.10/site-packages/airflow/utils/email.py", line 272, in send_mime_email
    smtp_conn = _get_smtp_connection(smtp_host, smtp_port, smtp_timeout, smtp_ssl)
  File "/home/airflow/.local/lib/python3.10/site-packages/airflow/utils/email.py", line 316, in _get_smtp_connection
    return smtplib.SMTP(host=host, port=port, timeout=timeout)
  File "/usr/local/lib/python3.10/smtplib.py", line 255, in __init__
    (code, msg) = self.connect(host, port)
  File "/usr/local/lib/python3.10/smtplib.py", line 341, in connect
    self.sock = self._get_socket(host, port, self.timeout)
  File "/usr/local/lib/python3.10/smtplib.py", line 312, in _get_socket
    return socket.create_connection((host, port), timeout,
  File "/usr/local/lib/python3.10/socket.py", line 845, in create_connection
    raise err
  File "/usr/local/lib/python3.10/socket.py", line 833, in create_connection
    sock.connect(sa)
ConnectionRefusedError: [Errno 111] Connection refused
[2025-07-01T12:18:01.823+0000] {standard_task_runner.py:107} ERROR - Failed to execute job 20 for task carregamento_postgres (Docker container failed: {'StatusCode': 1}; 236)
[2025-07-01T12:18:01.872+0000] {local_task_job_runner.py:234} INFO - Task exited with return code 1
[2025-07-01T12:18:01.995+0000] {taskinstance.py:3280} INFO - 0 downstream tasks scheduled from follow-on schedule check
