[2025-06-17T14:45:43.626+0000] {taskinstance.py:1956} INFO - Dependencies all met for dep_context=non-requeueable deps ti=<TaskInstance: northwind.extra√ß√£o_postgres manual__2025-06-17T14:45:42.768850+00:00 [queued]>
[2025-06-17T14:45:43.643+0000] {taskinstance.py:1956} INFO - Dependencies all met for dep_context=requeueable deps ti=<TaskInstance: northwind.extra√ß√£o_postgres manual__2025-06-17T14:45:42.768850+00:00 [queued]>
[2025-06-17T14:45:43.644+0000] {taskinstance.py:2170} INFO - Starting attempt 1 of 2
[2025-06-17T14:45:43.665+0000] {taskinstance.py:2191} INFO - Executing <Task(DockerOperator): extra√ß√£o_postgres> on 2025-06-17 14:45:42.768850+00:00
[2025-06-17T14:45:43.673+0000] {standard_task_runner.py:60} INFO - Started process 175 to run task
[2025-06-17T14:45:43.706+0000] {standard_task_runner.py:87} INFO - Running: ['***', 'tasks', 'run', 'northwind', 'extra√ß√£o_postgres', 'manual__2025-06-17T14:45:42.768850+00:00', '--job-id', '2', '--raw', '--subdir', 'DAGS_FOLDER/dag.py', '--cfg-path', '/tmp/tmpzd6gdy09']
[2025-06-17T14:45:43.720+0000] {standard_task_runner.py:88} INFO - Job 2: Subtask extra√ß√£o_postgres
[2025-06-17T14:45:43.973+0000] {task_command.py:423} INFO - Running <TaskInstance: northwind.extra√ß√£o_postgres manual__2025-06-17T14:45:42.768850+00:00 [running]> on host 3180679db553
[2025-06-17T14:45:44.186+0000] {taskinstance.py:2480} INFO - Exporting env vars: AIRFLOW_CTX_DAG_EMAIL='lrbf@cin.ufpe.br' AIRFLOW_CTX_DAG_OWNER='***' AIRFLOW_CTX_DAG_ID='northwind' AIRFLOW_CTX_TASK_ID='extra√ß√£o_postgres' AIRFLOW_CTX_EXECUTION_DATE='2025-06-17T14:45:42.768850+00:00' AIRFLOW_CTX_TRY_NUMBER='1' AIRFLOW_CTX_DAG_RUN_ID='manual__2025-06-17T14:45:42.768850+00:00'
[2025-06-17T14:45:44.345+0000] {docker.py:359} INFO - Starting docker container from image indicium_pipeline-meltano:latest
[2025-06-17T14:45:44.359+0000] {docker.py:367} WARNING - Using remote engine or docker-in-docker and mounting temporary volume from host is not supported. Falling back to `mount_tmp_dir=False` mode. You can set `mount_tmp_dir` parameter to False to disable mounting and remove the warning
[2025-06-17T14:45:46.386+0000] {docker.py:429} INFO - [2m2025-06-17T14:45:46.384151Z[0m [[32m[1minfo     [0m] [1mEnvironment 'dev' is active   [0m
[2025-06-17T14:45:46.777+0000] {docker.py:429} INFO - [2m2025-06-17T14:45:46.776472Z[0m [[33m[1mwarning  [0m] [1mThe `elt` command is deprecated in favor of `el`[0m
[2025-06-17T14:45:47.305+0000] {docker.py:429} INFO - [2m2025-06-17T14:45:47.304935Z[0m [[32m[1minfo     [0m] [1mInstalling loader 'target-csv-postgres'[0m
[2025-06-17T14:45:57.545+0000] {docker.py:429} INFO - [2m2025-06-17T14:45:57.544858Z[0m [[32m[1minfo     [0m] [1mInstalled loader 'target-csv-postgres'[0m
[2m2025-06-17T14:45:57.545244Z[0m [[32m[1minfo     [0m] [1mInstalled 1/2 plugins         [0m
[2m2025-06-17T14:45:57.545335Z[0m [[32m[1minfo     [0m] [1mSkipped installing 1/2 plugins[0m
[2025-06-17T14:45:57.553+0000] {docker.py:429} INFO - [2m2025-06-17T14:45:57.547105Z[0m [[32m[1minfo     [0m] [1mRunning extract & load...     [0m [36mname[0m=[35mmeltano[0m [36mrun_id[0m=[35m741a5711-4497-4011-b367-6e2e43bff065[0m [36mstate_id[0m=[35m2025-06-17T144546--tap-postgres--target-csv-postgres[0m
[2025-06-17T14:45:57.822+0000] {docker.py:429} INFO - [2m2025-06-17T14:45:57.822038Z[0m [[32m[1minfo     [0m] [1mUsing systemdb state backend  [0m
[2025-06-17T14:45:57.824+0000] {docker.py:429} INFO - [2m2025-06-17T14:45:57.823918Z[0m [[33m[1mwarning  [0m] [1mNo state was found, complete import.[0m
[2025-06-17T14:45:57.830+0000] {docker.py:429} INFO - [2m2025-06-17T14:45:57.829326Z[0m [[32m[1minfo     [0m] [1mUsing custom catalog in /opt/meltano/catalog_discovery.json[0m
[2025-06-17T14:45:57.839+0000] {docker.py:429} INFO - [2m2025-06-17T14:45:57.838390Z[0m [[32m[1minfo     [0m] [1mELT could not be completed: Cannot start extractor: Executable 'tap-postgres' could not be found. Extractor 'tap-postgres' may not have been installed yet using `meltano install extractor tap-postgres`, or the executable name may be incorrect..[0m [36mcmd_type[0m=[35melt[0m [36mname[0m=[35mmeltano[0m [36mrun_id[0m=[35m741a5711-4497-4011-b367-6e2e43bff065[0m [36mstate_id[0m=[35m2025-06-17T144546--tap-postgres--target-csv-postgres[0m [36mstdio[0m=[35mstderr[0m
[2m2025-06-17T14:45:57.838609Z[0m [[32m[1minfo     [0m] [1mFor more detailed log messages re-run the command using 'meltano --log-level=debug ...' CLI flag.[0m [36mcmd_type[0m=[35melt[0m [36mname[0m=[35mmeltano[0m [36mrun_id[0m=[35m741a5711-4497-4011-b367-6e2e43bff065[0m [36mstate_id[0m=[35m2025-06-17T144546--tap-postgres--target-csv-postgres[0m [36mstdio[0m=[35mstderr[0m
[2m2025-06-17T14:45:57.838715Z[0m [[32m[1minfo     [0m] [1mNote that you can also check the generated log file at '/opt/meltano/.meltano/logs/elt/2025-06-17T144546--tap-postgres--target-csv-postgres/741a5711-4497-4011-b367-6e2e43bff065/elt.log'.[0m [36mcmd_type[0m=[35melt[0m [36mname[0m=[35mmeltano[0m [36mrun_id[0m=[35m741a5711-4497-4011-b367-6e2e43bff065[0m [36mstate_id[0m=[35m2025-06-17T144546--tap-postgres--target-csv-postgres[0m [36mstdio[0m=[35mstderr[0m
[2025-06-17T14:45:57.840+0000] {docker.py:429} INFO - [2m2025-06-17T14:45:57.838865Z[0m [[32m[1minfo     [0m] [1mFor more information on debugging and logging: https://docs.meltano.com/reference/command-line-interface#debugging[0m [36mcmd_type[0m=[35melt[0m [36mname[0m=[35mmeltano[0m [36mrun_id[0m=[35m741a5711-4497-4011-b367-6e2e43bff065[0m [36mstate_id[0m=[35m2025-06-17T144546--tap-postgres--target-csv-postgres[0m [36mstdio[0m=[35mstderr[0m
[2025-06-17T14:45:57.849+0000] {docker.py:429} INFO - Need help fixing this problem? Visit http://melta.no/ for troubleshooting steps, or to
join our friendly Slack community.

ELT could not be completed: Cannot start extractor: Executable 'tap-postgres' could not be found. Extractor 'tap-postgres' may not have been installed yet using `meltano install extractor tap-postgres`, or the executable name may be incorrect..
For more detailed log messages re-run the command using 'meltano --log-level=debug ...' CLI flag.
Note that you can also check the generated log file at '/opt/meltano/.meltano/logs/elt/2025-06-17T144546--tap-postgres--target-csv-postgres/741a5711-4497-4011-b367-6e2e43bff065/elt.log'.
For more information on debugging and logging: https://docs.meltano.com/reference/command-line-interface#debugging
[2025-06-17T14:45:59.432+0000] {taskinstance.py:2698} ERROR - Task failed with exception
Traceback (most recent call last):
  File "/home/airflow/.local/lib/python3.10/site-packages/docker/api/client.py", line 265, in _raise_for_status
    response.raise_for_status()
  File "/home/airflow/.local/lib/python3.10/site-packages/requests/models.py", line 1021, in raise_for_status
    raise HTTPError(http_error_msg, response=self)
requests.exceptions.HTTPError: 400 Client Error: Bad Request for url: http+docker://localhost/v1.45/containers/create

The above exception was the direct cause of the following exception:

Traceback (most recent call last):
  File "/home/airflow/.local/lib/python3.10/site-packages/airflow/providers/docker/operators/docker.py", line 364, in _run_image
    return self._run_image_with_mounts([*self.mounts, tmp_mount], add_tmp_variable=True)
  File "/home/airflow/.local/lib/python3.10/site-packages/airflow/providers/docker/operators/docker.py", line 391, in _run_image_with_mounts
    self.container = self.cli.create_container(
  File "/home/airflow/.local/lib/python3.10/site-packages/docker/api/container.py", line 439, in create_container
    return self.create_container_from_config(config, name, platform)
  File "/home/airflow/.local/lib/python3.10/site-packages/docker/api/container.py", line 456, in create_container_from_config
    return self._result(res, True)
  File "/home/airflow/.local/lib/python3.10/site-packages/docker/api/client.py", line 271, in _result
    self._raise_for_status(response)
  File "/home/airflow/.local/lib/python3.10/site-packages/docker/api/client.py", line 267, in _raise_for_status
    raise create_api_error_from_http_exception(e) from e
  File "/home/airflow/.local/lib/python3.10/site-packages/docker/errors.py", line 39, in create_api_error_from_http_exception
    raise cls(e, response=response, explanation=explanation) from e
docker.errors.APIError: 400 Client Error for http+docker://localhost/v1.45/containers/create: Bad Request ("invalid mount config for type "bind": bind source path does not exist: /tmp/airflowtmpofnircx2")

During handling of the above exception, another exception occurred:

Traceback (most recent call last):
  File "/home/airflow/.local/lib/python3.10/site-packages/airflow/models/taskinstance.py", line 433, in _execute_task
    result = execute_callable(context=context, **execute_callable_kwargs)
  File "/home/airflow/.local/lib/python3.10/site-packages/airflow/providers/docker/operators/docker.py", line 502, in execute
    return self._run_image()
  File "/home/airflow/.local/lib/python3.10/site-packages/airflow/providers/docker/operators/docker.py", line 373, in _run_image
    return self._run_image_with_mounts(self.mounts, add_tmp_variable=False)
  File "/home/airflow/.local/lib/python3.10/site-packages/airflow/providers/docker/operators/docker.py", line 437, in _run_image_with_mounts
    raise DockerContainerFailedException(f"Docker container failed: {result!r}", logs=log_lines)
airflow.providers.docker.exceptions.DockerContainerFailedException: Docker container failed: {'StatusCode': 1}
[2025-06-17T14:45:59.437+0000] {taskinstance.py:1138} INFO - Marking task as UP_FOR_RETRY. dag_id=northwind, task_id=extra√ß√£o_postgres, execution_date=20250617T144542, start_date=20250617T144543, end_date=20250617T144559
[2025-06-17T14:45:59.450+0000] {standard_task_runner.py:107} ERROR - Failed to execute job 2 for task extra√ß√£o_postgres (Docker container failed: {'StatusCode': 1}; 175)
[2025-06-17T14:45:59.484+0000] {local_task_job_runner.py:234} INFO - Task exited with return code 1
[2025-06-17T14:45:59.503+0000] {taskinstance.py:3280} INFO - 0 downstream tasks scheduled from follow-on schedule check
