[2025-06-26T15:03:40.956+0000] {taskinstance.py:1956} INFO - Dependencies all met for dep_context=non-requeueable deps ti=<TaskInstance: northwind.extra√ß√£o_postgres manual__2025-06-26T15:03:36.633712+00:00 [queued]>
[2025-06-26T15:03:41.003+0000] {taskinstance.py:1956} INFO - Dependencies all met for dep_context=requeueable deps ti=<TaskInstance: northwind.extra√ß√£o_postgres manual__2025-06-26T15:03:36.633712+00:00 [queued]>
[2025-06-26T15:03:41.004+0000] {taskinstance.py:2170} INFO - Starting attempt 1 of 2
[2025-06-26T15:03:41.057+0000] {taskinstance.py:2191} INFO - Executing <Task(DockerOperator): extra√ß√£o_postgres> on 2025-06-26 15:03:36.633712+00:00
[2025-06-26T15:03:41.078+0000] {standard_task_runner.py:60} INFO - Started process 190 to run task
[2025-06-26T15:03:41.092+0000] {standard_task_runner.py:87} INFO - Running: ['***', 'tasks', 'run', 'northwind', 'extra√ß√£o_postgres', 'manual__2025-06-26T15:03:36.633712+00:00', '--job-id', '261', '--raw', '--subdir', 'DAGS_FOLDER/dag.py', '--cfg-path', '/tmp/tmpsc87ppiz']
[2025-06-26T15:03:41.132+0000] {standard_task_runner.py:88} INFO - Job 261: Subtask extra√ß√£o_postgres
[2025-06-26T15:03:41.867+0000] {task_command.py:423} INFO - Running <TaskInstance: northwind.extra√ß√£o_postgres manual__2025-06-26T15:03:36.633712+00:00 [running]> on host 6afc1f3750fb
[2025-06-26T15:03:42.270+0000] {taskinstance.py:2480} INFO - Exporting env vars: AIRFLOW_CTX_DAG_EMAIL='lrbf@cin.ufpe.br' AIRFLOW_CTX_DAG_OWNER='***' AIRFLOW_CTX_DAG_ID='northwind' AIRFLOW_CTX_TASK_ID='extra√ß√£o_postgres' AIRFLOW_CTX_EXECUTION_DATE='2025-06-26T15:03:36.633712+00:00' AIRFLOW_CTX_TRY_NUMBER='1' AIRFLOW_CTX_DAG_RUN_ID='manual__2025-06-26T15:03:36.633712+00:00'
[2025-06-26T15:03:43.585+0000] {docker.py:359} INFO - Starting docker container from image meltano:latest
[2025-06-26T15:03:43.627+0000] {docker.py:367} WARNING - Using remote engine or docker-in-docker and mounting temporary volume from host is not supported. Falling back to `mount_tmp_dir=False` mode. You can set `mount_tmp_dir` parameter to False to disable mounting and remove the warning
[2025-06-26T15:03:46.272+0000] {docker.py:429} INFO - Running meltano install...
[2025-06-26T15:03:48.092+0000] {docker.py:429} INFO - [2m2025-06-26T15:03:48.091459Z[0m [[32m[1minfo     [0m] [1mInstalling 7 plugins          [0m
[2025-06-26T15:03:48.109+0000] {docker.py:429} INFO - [2m2025-06-26T15:03:48.108696Z[0m [[32m[1minfo     [0m] [1mInstalling extractor 'tap-postgres'[0m
[2025-06-26T15:03:48.132+0000] {docker.py:429} INFO - [2m2025-06-26T15:03:48.131724Z[0m [[32m[1minfo     [0m] [1mInstalling extractor 'tap-csv'[0m
[2025-06-26T15:03:48.162+0000] {docker.py:429} INFO - [2m2025-06-26T15:03:48.161344Z[0m [[32m[1minfo     [0m] [1mInstalling extractor 'tap-csv-latest'[0m
[2025-06-26T15:03:48.188+0000] {docker.py:429} INFO - [2m2025-06-26T15:03:48.187223Z[0m [[32m[1minfo     [0m] [1mInstalling loader 'target-postgres'[0m
[2025-06-26T15:03:48.221+0000] {docker.py:429} INFO - [2m2025-06-26T15:03:48.220595Z[0m [[32m[1minfo     [0m] [1mInstalling loader 'target-csv'[0m
[2025-06-26T15:03:48.260+0000] {docker.py:429} INFO - [2m2025-06-26T15:03:48.255188Z[0m [[32m[1minfo     [0m] [1mInstalling loader 'target-csv-postgres'[0m
[2025-06-26T15:03:48.307+0000] {docker.py:429} INFO - [2m2025-06-26T15:03:48.306880Z[0m [[32m[1minfo     [0m] [1mInstalling loader 'target-csv-csv'[0m
[2025-06-26T15:03:54.439+0000] {docker.py:429} INFO - [2m2025-06-26T15:03:54.429497Z[0m [[32m[1minfo     [0m] [1mInstalled extractor 'tap-postgres'[0m
[2025-06-26T15:03:54.534+0000] {docker.py:429} INFO - [2m2025-06-26T15:03:54.533206Z[0m [[32m[1minfo     [0m] [1mInstalled loader 'target-postgres'[0m
[2025-06-26T15:04:03.199+0000] {docker.py:429} INFO - [2m2025-06-26T15:04:03.198144Z[0m [[32m[1minfo     [0m] [1mInstalled extractor 'tap-csv-latest'[0m
[2025-06-26T15:04:03.291+0000] {docker.py:429} INFO - [2m2025-06-26T15:04:03.289581Z[0m [[32m[1minfo     [0m] [1mInstalled extractor 'tap-csv' [0m
[2025-06-26T15:04:04.048+0000] {docker.py:429} INFO - [2m2025-06-26T15:04:04.047805Z[0m [[32m[1minfo     [0m] [1mInstalled loader 'target-csv-csv'[0m
[2025-06-26T15:04:04.253+0000] {docker.py:429} INFO - [2m2025-06-26T15:04:04.252635Z[0m [[32m[1minfo     [0m] [1mInstalled loader 'target-csv' [0m
[2025-06-26T15:04:04.283+0000] {docker.py:429} INFO - [2m2025-06-26T15:04:04.282574Z[0m [[32m[1minfo     [0m] [1mInstalled loader 'target-csv-postgres'[0m
[2025-06-26T15:04:04.288+0000] {docker.py:429} INFO - [2m2025-06-26T15:04:04.287957Z[0m [[32m[1minfo     [0m] [1mInstalled 7/7 plugins         [0m
[2025-06-26T15:04:06.195+0000] {docker.py:429} INFO - Meltano install completed. Executing command: meltano el tap-postgres target-csv-postgres --catalog catalog_discovery.json
[2025-06-26T15:04:08.584+0000] {docker.py:429} INFO - [2m2025-06-26T15:04:08.583521Z[0m [[32m[1minfo     [0m] [1mEnvironment 'dev' is active   [0m
[2025-06-26T15:04:10.107+0000] {docker.py:429} INFO - [2m2025-06-26T15:04:10.105170Z[0m [[32m[1minfo     [0m] [1mRunning extract & load...     [0m [36mname[0m=[35mmeltano[0m [36mrun_id[0m=[35m1b44ced8-503a-4828-8bcc-72064758f8da[0m [36mstate_id[0m=[35m2025-06-26T150409--tap-postgres--target-csv-postgres[0m
[2025-06-26T15:04:10.542+0000] {docker.py:429} INFO - [2m2025-06-26T15:04:10.541195Z[0m [[32m[1minfo     [0m] [1mUsing systemdb state backend  [0m
[2025-06-26T15:04:10.547+0000] {docker.py:429} INFO - [2m2025-06-26T15:04:10.546976Z[0m [[33m[1mwarning  [0m] [1mNo state was found, complete import.[0m
[2025-06-26T15:04:10.551+0000] {docker.py:429} INFO - [2m2025-06-26T15:04:10.551045Z[0m [[32m[1minfo     [0m] [1mUsing custom catalog in /opt/meltano/catalog_discovery.json[0m
[2025-06-26T15:04:11.102+0000] {docker.py:429} INFO - [2m2025-06-26T15:04:11.099439Z[0m [[32m[1minfo     [0m] [1mINFO Sending version information to singer.io. To disable sending anonymous usage data, set the config parameter "disable_collection" to true[0m [36mcmd_type[0m=[35mloader[0m [36mname[0m=[35mtarget-csv-postgres[0m [36mrun_id[0m=[35m1b44ced8-503a-4828-8bcc-72064758f8da[0m [36mstate_id[0m=[35m2025-06-26T150409--tap-postgres--target-csv-postgres[0m [36mstdio[0m=[35mstderr[0m
[2025-06-26T15:04:12.084+0000] {docker.py:429} INFO - [2m2025-06-26T15:04:12.082455Z[0m [[32m[1minfo     [0m] [1mtap-postgres v0.3.0, Meltano SDK v0.47.2[0m [36mcmd_type[0m=[35mextractor[0m [36mname[0m=[35mtap-postgres[0m [36mrun_id[0m=[35m1b44ced8-503a-4828-8bcc-72064758f8da[0m [36mstate_id[0m=[35m2025-06-26T150409--tap-postgres--target-csv-postgres[0m [36mstdio[0m=[35mstderr[0m
[2025-06-26T15:04:12.085+0000] {docker.py:429} INFO - [2m2025-06-26T15:04:12.082931Z[0m [[32m[1minfo     [0m] [1mSkipping parse of env var settings...[0m [36mcmd_type[0m=[35mextractor[0m [36mname[0m=[35mtap-postgres[0m [36mrun_id[0m=[35m1b44ced8-503a-4828-8bcc-72064758f8da[0m [36mstate_id[0m=[35m2025-06-26T150409--tap-postgres--target-csv-postgres[0m [36mstdio[0m=[35mstderr[0m
[2025-06-26T15:04:12.169+0000] {docker.py:429} INFO - [2m2025-06-26T15:04:12.168430Z[0m [[32m[1minfo     [0m] [1mTraceback (most recent call last):[0m [36mcmd_type[0m=[35mextractor[0m [36mname[0m=[35mtap-postgres[0m [36mrun_id[0m=[35m1b44ced8-503a-4828-8bcc-72064758f8da[0m [36mstate_id[0m=[35m2025-06-26T150409--tap-postgres--target-csv-postgres[0m [36mstdio[0m=[35mstderr[0m
[2025-06-26T15:04:12.170+0000] {docker.py:429} INFO - [2m2025-06-26T15:04:12.168838Z[0m [[32m[1minfo     [0m] [1m  File "/opt/meltano/.meltano/extractors/tap-postgres/venv/bin/tap-postgres", line 8, in <module>[0m [36mcmd_type[0m=[35mextractor[0m [36mname[0m=[35mtap-postgres[0m [36mrun_id[0m=[35m1b44ced8-503a-4828-8bcc-72064758f8da[0m [36mstate_id[0m=[35m2025-06-26T150409--tap-postgres--target-csv-postgres[0m [36mstdio[0m=[35mstderr[0m
[2025-06-26T15:04:12.171+0000] {docker.py:429} INFO - [2m2025-06-26T15:04:12.169152Z[0m [[32m[1minfo     [0m] [1m    sys.exit(TapPostgres.cli())[0m [36mcmd_type[0m=[35mextractor[0m [36mname[0m=[35mtap-postgres[0m [36mrun_id[0m=[35m1b44ced8-503a-4828-8bcc-72064758f8da[0m [36mstate_id[0m=[35m2025-06-26T150409--tap-postgres--target-csv-postgres[0m [36mstdio[0m=[35mstderr[0m
[2025-06-26T15:04:12.171+0000] {docker.py:429} INFO - [2m2025-06-26T15:04:12.169522Z[0m [[32m[1minfo     [0m] [1m  File "/opt/meltano/.meltano/extractors/tap-postgres/venv/lib/python3.10/site-packages/click/core.py", line 1442, in __call__[0m [36mcmd_type[0m=[35mextractor[0m [36mname[0m=[35mtap-postgres[0m [36mrun_id[0m=[35m1b44ced8-503a-4828-8bcc-72064758f8da[0m [36mstate_id[0m=[35m2025-06-26T150409--tap-postgres--target-csv-postgres[0m [36mstdio[0m=[35mstderr[0m
[2025-06-26T15:04:12.172+0000] {docker.py:429} INFO - [2m2025-06-26T15:04:12.169967Z[0m [[32m[1minfo     [0m] [1m    return self.main(*args, **kwargs)[0m [36mcmd_type[0m=[35mextractor[0m [36mname[0m=[35mtap-postgres[0m [36mrun_id[0m=[35m1b44ced8-503a-4828-8bcc-72064758f8da[0m [36mstate_id[0m=[35m2025-06-26T150409--tap-postgres--target-csv-postgres[0m [36mstdio[0m=[35mstderr[0m
[2025-06-26T15:04:12.173+0000] {docker.py:429} INFO - [2m2025-06-26T15:04:12.170368Z[0m [[32m[1minfo     [0m] [1m  File "/opt/meltano/.meltano/extractors/tap-postgres/venv/lib/python3.10/site-packages/click/core.py", line 1363, in main[0m [36mcmd_type[0m=[35mextractor[0m [36mname[0m=[35mtap-postgres[0m [36mrun_id[0m=[35m1b44ced8-503a-4828-8bcc-72064758f8da[0m [36mstate_id[0m=[35m2025-06-26T150409--tap-postgres--target-csv-postgres[0m [36mstdio[0m=[35mstderr[0m
[2025-06-26T15:04:12.175+0000] {docker.py:429} INFO - [2m2025-06-26T15:04:12.170837Z[0m [[32m[1minfo     [0m] [1m    rv = self.invoke(ctx)     [0m [36mcmd_type[0m=[35mextractor[0m [36mname[0m=[35mtap-postgres[0m [36mrun_id[0m=[35m1b44ced8-503a-4828-8bcc-72064758f8da[0m [36mstate_id[0m=[35m2025-06-26T150409--tap-postgres--target-csv-postgres[0m [36mstdio[0m=[35mstderr[0m
[2m2025-06-26T15:04:12.171489Z[0m [[32m[1minfo     [0m] [1m  File "/opt/meltano/.meltano/extractors/tap-postgres/venv/lib/python3.10/site-packages/singer_sdk/plugin_base.py", line 97, in invoke[0m [36mcmd_type[0m=[35mextractor[0m [36mname[0m=[35mtap-postgres[0m [36mrun_id[0m=[35m1b44ced8-503a-4828-8bcc-72064758f8da[0m [36mstate_id[0m=[35m2025-06-26T150409--tap-postgres--target-csv-postgres[0m [36mstdio[0m=[35mstderr[0m
[2m2025-06-26T15:04:12.172470Z[0m [[32m[1minfo     [0m] [1m    return super().invoke(ctx)[0m [36mcmd_type[0m=[35mextractor[0m [36mname[0m=[35mtap-postgres[0m [36mrun_id[0m=[35m1b44ced8-503a-4828-8bcc-72064758f8da[0m [36mstate_id[0m=[35m2025-06-26T150409--tap-postgres--target-csv-postgres[0m [36mstdio[0m=[35mstderr[0m
[2025-06-26T15:04:12.177+0000] {docker.py:429} INFO - [2m2025-06-26T15:04:12.173411Z[0m [[32m[1minfo     [0m] [1m  File "/opt/meltano/.meltano/extractors/tap-postgres/venv/lib/python3.10/site-packages/click/core.py", line 1226, in invoke[0m [36mcmd_type[0m=[35mextractor[0m [36mname[0m=[35mtap-postgres[0m [36mrun_id[0m=[35m1b44ced8-503a-4828-8bcc-72064758f8da[0m [36mstate_id[0m=[35m2025-06-26T150409--tap-postgres--target-csv-postgres[0m [36mstdio[0m=[35mstderr[0m
[2m2025-06-26T15:04:12.173905Z[0m [[32m[1minfo     [0m] [1m    return ctx.invoke(self.callback, **ctx.params)[0m [36mcmd_type[0m=[35mextractor[0m [36mname[0m=[35mtap-postgres[0m [36mrun_id[0m=[35m1b44ced8-503a-4828-8bcc-72064758f8da[0m [36mstate_id[0m=[35m2025-06-26T150409--tap-postgres--target-csv-postgres[0m [36mstdio[0m=[35mstderr[0m
[2025-06-26T15:04:12.179+0000] {docker.py:429} INFO - [2m2025-06-26T15:04:12.174811Z[0m [[32m[1minfo     [0m] [1m  File "/opt/meltano/.meltano/extractors/tap-postgres/venv/lib/python3.10/site-packages/click/core.py", line 794, in invoke[0m [36mcmd_type[0m=[35mextractor[0m [36mname[0m=[35mtap-postgres[0m [36mrun_id[0m=[35m1b44ced8-503a-4828-8bcc-72064758f8da[0m [36mstate_id[0m=[35m2025-06-26T150409--tap-postgres--target-csv-postgres[0m [36mstdio[0m=[35mstderr[0m
[2025-06-26T15:04:12.179+0000] {docker.py:429} INFO - [2m2025-06-26T15:04:12.175671Z[0m [[32m[1minfo     [0m] [1m    return callback(*args, **kwargs)[0m [36mcmd_type[0m=[35mextractor[0m [36mname[0m=[35mtap-postgres[0m [36mrun_id[0m=[35m1b44ced8-503a-4828-8bcc-72064758f8da[0m [36mstate_id[0m=[35m2025-06-26T150409--tap-postgres--target-csv-postgres[0m [36mstdio[0m=[35mstderr[0m
[2025-06-26T15:04:12.180+0000] {docker.py:429} INFO - [2m2025-06-26T15:04:12.176210Z[0m [[32m[1minfo     [0m] [1m  File "/opt/meltano/.meltano/extractors/tap-postgres/venv/lib/python3.10/site-packages/singer_sdk/tap_base.py", line 546, in invoke[0m [36mcmd_type[0m=[35mextractor[0m [36mname[0m=[35mtap-postgres[0m [36mrun_id[0m=[35m1b44ced8-503a-4828-8bcc-72064758f8da[0m [36mstate_id[0m=[35m2025-06-26T150409--tap-postgres--target-csv-postgres[0m [36mstdio[0m=[35mstderr[0m
[2025-06-26T15:04:12.180+0000] {docker.py:429} INFO - [2m2025-06-26T15:04:12.176746Z[0m [[32m[1minfo     [0m] [1m    tap = cls(                [0m [36mcmd_type[0m=[35mextractor[0m [36mname[0m=[35mtap-postgres[0m [36mrun_id[0m=[35m1b44ced8-503a-4828-8bcc-72064758f8da[0m [36mstate_id[0m=[35m2025-06-26T150409--tap-postgres--target-csv-postgres[0m [36mstdio[0m=[35mstderr[0m
[2025-06-26T15:04:12.180+0000] {docker.py:429} INFO - [2m2025-06-26T15:04:12.177279Z[0m [[32m[1minfo     [0m] [1m  File "/opt/meltano/.meltano/extractors/tap-postgres/venv/lib/python3.10/site-packages/tap_postgres/tap.py", line 57, in __init__[0m [36mcmd_type[0m=[35mextractor[0m [36mname[0m=[35mtap-postgres[0m [36mrun_id[0m=[35m1b44ced8-503a-4828-8bcc-72064758f8da[0m [36mstate_id[0m=[35m2025-06-26T150409--tap-postgres--target-csv-postgres[0m [36mstdio[0m=[35mstderr[0m
[2025-06-26T15:04:12.181+0000] {docker.py:429} INFO - [2m2025-06-26T15:04:12.177936Z[0m [[32m[1minfo     [0m] [1m    and self.config.get("password") is not None[0m [36mcmd_type[0m=[35mextractor[0m [36mname[0m=[35mtap-postgres[0m [36mrun_id[0m=[35m1b44ced8-503a-4828-8bcc-72064758f8da[0m [36mstate_id[0m=[35m2025-06-26T150409--tap-postgres--target-csv-postgres[0m [36mstdio[0m=[35mstderr[0m
[2025-06-26T15:04:12.181+0000] {docker.py:429} INFO - [2m2025-06-26T15:04:12.178377Z[0m [[32m[1minfo     [0m] [1mAssertionError: Need either the sqlalchemy_url to be set or host, port, user, and password to be set[0m [36mcmd_type[0m=[35mextractor[0m [36mname[0m=[35mtap-postgres[0m [36mrun_id[0m=[35m1b44ced8-503a-4828-8bcc-72064758f8da[0m [36mstate_id[0m=[35m2025-06-26T150409--tap-postgres--target-csv-postgres[0m [36mstdio[0m=[35mstderr[0m
[2025-06-26T15:04:12.321+0000] {docker.py:429} INFO - [2m2025-06-26T15:04:12.320297Z[0m [[31m[1merror    [0m] [1mExtraction failed             [0m [36mcode[0m=[35m1[0m [36mmessage[0m=[35m'AssertionError: Need either the sqlalchemy_url to be set or host, port, user, and password to be set'[0m [36mname[0m=[35mmeltano[0m [36mrun_id[0m=[35m1b44ced8-503a-4828-8bcc-72064758f8da[0m [36mstate_id[0m=[35m2025-06-26T150409--tap-postgres--target-csv-postgres[0m
[2025-06-26T15:04:12.321+0000] {docker.py:429} INFO - [2m2025-06-26T15:04:12.320863Z[0m [[32m[1minfo     [0m] [1mELT could not be completed: Extractor failed.[0m [36mcmd_type[0m=[35melt[0m [36mname[0m=[35mmeltano[0m [36mrun_id[0m=[35m1b44ced8-503a-4828-8bcc-72064758f8da[0m [36mstate_id[0m=[35m2025-06-26T150409--tap-postgres--target-csv-postgres[0m [36mstdio[0m=[35mstderr[0m
[2025-06-26T15:04:12.321+0000] {docker.py:429} INFO - [2m2025-06-26T15:04:12.321126Z[0m [[32m[1minfo     [0m] [1mFor more detailed log messages re-run the command using 'meltano --log-level=debug ...' CLI flag.[0m [36mcmd_type[0m=[35melt[0m [36mname[0m=[35mmeltano[0m [36mrun_id[0m=[35m1b44ced8-503a-4828-8bcc-72064758f8da[0m [36mstate_id[0m=[35m2025-06-26T150409--tap-postgres--target-csv-postgres[0m [36mstdio[0m=[35mstderr[0m
[2025-06-26T15:04:12.322+0000] {docker.py:429} INFO - [2m2025-06-26T15:04:12.321399Z[0m [[32m[1minfo     [0m] [1mNote that you can also check the generated log file at '/opt/meltano/.meltano/logs/elt/2025-06-26T150409--tap-postgres--target-csv-postgres/1b44ced8-503a-4828-8bcc-72064758f8da/elt.log'.[0m [36mcmd_type[0m=[35melt[0m [36mname[0m=[35mmeltano[0m [36mrun_id[0m=[35m1b44ced8-503a-4828-8bcc-72064758f8da[0m [36mstate_id[0m=[35m2025-06-26T150409--tap-postgres--target-csv-postgres[0m [36mstdio[0m=[35mstderr[0m
[2025-06-26T15:04:12.322+0000] {docker.py:429} INFO - [2m2025-06-26T15:04:12.321681Z[0m [[32m[1minfo     [0m] [1mFor more information on debugging and logging: https://docs.meltano.com/reference/command-line-interface#debugging[0m [36mcmd_type[0m=[35melt[0m [36mname[0m=[35mmeltano[0m [36mrun_id[0m=[35m1b44ced8-503a-4828-8bcc-72064758f8da[0m [36mstate_id[0m=[35m2025-06-26T150409--tap-postgres--target-csv-postgres[0m [36mstdio[0m=[35mstderr[0m
[2025-06-26T15:04:12.336+0000] {docker.py:429} INFO - Need help fixing this problem? Visit http://melta.no/ for troubleshooting steps, or to
join our friendly Slack community.

ELT could not be completed: Extractor failed.
For more detailed log messages re-run the command using 'meltano --log-level=debug ...' CLI flag.
Note that you can also check the generated log file at '/opt/meltano/.meltano/logs/elt/2025-06-26T150409--tap-postgres--target-csv-postgres/1b44ced8-503a-4828-8bcc-72064758f8da/elt.log'.
For more information on debugging and logging: https://docs.meltano.com/reference/command-line-interface#debugging
[2025-06-26T15:04:14.247+0000] {taskinstance.py:2698} ERROR - Task failed with exception
Traceback (most recent call last):
  File "/home/airflow/.local/lib/python3.10/site-packages/docker/api/client.py", line 265, in _raise_for_status
    response.raise_for_status()
  File "/home/airflow/.local/lib/python3.10/site-packages/requests/models.py", line 1021, in raise_for_status
    raise HTTPError(http_error_msg, response=self)
requests.exceptions.HTTPError: 400 Client Error: Bad Request for url: http+docker://localhost/v1.47/containers/create

The above exception was the direct cause of the following exception:

Traceback (most recent call last):
  File "/home/airflow/.local/lib/python3.10/site-packages/airflow/providers/docker/operators/docker.py", line 364, in _run_image
    return self._run_image_with_mounts([*self.mounts, tmp_mount], add_tmp_variable=True)
  File "/home/airflow/.local/lib/python3.10/site-packages/airflow/providers/docker/operators/docker.py", line 391, in _run_image_with_mounts
    self.container = self.cli.create_container(
  File "/home/airflow/.local/lib/python3.10/site-packages/docker/api/container.py", line 439, in create_container
    return self.create_container_from_config(config, name, platform)
  File "/home/airflow/.local/lib/python3.10/site-packages/docker/api/container.py", line 456, in create_container_from_config
    return self._result(res, True)
  File "/home/airflow/.local/lib/python3.10/site-packages/docker/api/client.py", line 271, in _result
    self._raise_for_status(response)
  File "/home/airflow/.local/lib/python3.10/site-packages/docker/api/client.py", line 267, in _raise_for_status
    raise create_api_error_from_http_exception(e) from e
  File "/home/airflow/.local/lib/python3.10/site-packages/docker/errors.py", line 39, in create_api_error_from_http_exception
    raise cls(e, response=response, explanation=explanation) from e
docker.errors.APIError: 400 Client Error for http+docker://localhost/v1.47/containers/create: Bad Request ("invalid mount config for type "bind": bind source path does not exist: /tmp/airflowtmpfo0tjjsq")

During handling of the above exception, another exception occurred:

Traceback (most recent call last):
  File "/home/airflow/.local/lib/python3.10/site-packages/airflow/models/taskinstance.py", line 433, in _execute_task
    result = execute_callable(context=context, **execute_callable_kwargs)
  File "/home/airflow/.local/lib/python3.10/site-packages/airflow/providers/docker/operators/docker.py", line 502, in execute
    return self._run_image()
  File "/home/airflow/.local/lib/python3.10/site-packages/airflow/providers/docker/operators/docker.py", line 373, in _run_image
    return self._run_image_with_mounts(self.mounts, add_tmp_variable=False)
  File "/home/airflow/.local/lib/python3.10/site-packages/airflow/providers/docker/operators/docker.py", line 437, in _run_image_with_mounts
    raise DockerContainerFailedException(f"Docker container failed: {result!r}", logs=log_lines)
airflow.providers.docker.exceptions.DockerContainerFailedException: Docker container failed: {'StatusCode': 1}
[2025-06-26T15:04:14.274+0000] {taskinstance.py:1138} INFO - Marking task as UP_FOR_RETRY. dag_id=northwind, task_id=extra√ß√£o_postgres, execution_date=20250626T150336, start_date=20250626T150340, end_date=20250626T150414
[2025-06-26T15:04:14.345+0000] {standard_task_runner.py:107} ERROR - Failed to execute job 261 for task extra√ß√£o_postgres (Docker container failed: {'StatusCode': 1}; 190)
[2025-06-26T15:04:14.394+0000] {local_task_job_runner.py:234} INFO - Task exited with return code 1
[2025-06-26T15:04:14.537+0000] {taskinstance.py:3280} INFO - 0 downstream tasks scheduled from follow-on schedule check
